CRITICAL - 2023-05-30 13:08:27 --> Invalid file: "layout/content-wraper.php"
in SYSTEMPATH\Exceptions\FrameworkException.php on line 33.
 1 SYSTEMPATH\View\View.php(201): CodeIgniter\Exceptions\FrameworkException::forInvalidFile('layout/content-wraper.php')
 2 SYSTEMPATH\View\View.php(431): CodeIgniter\View\View->render('layout/content-wraper', null, true)
 3 APPPATH\Views\main.php(18): CodeIgniter\View\View->include('layout/content-wraper')
 4 SYSTEMPATH\View\View.php(213): include('D:\\xampp\\htdocs\\simkeu\\app\\Views\\main.php')
 5 SYSTEMPATH\View\View.php(216): CodeIgniter\View\View->CodeIgniter\View\{closure}()
 6 SYSTEMPATH\Common.php(1184): CodeIgniter\View\View->render('main', [], true)
 7 APPPATH\Controllers\Home.php(9): view('main')
 8 SYSTEMPATH\CodeIgniter.php(934): App\Controllers\Home->index()
 9 SYSTEMPATH\CodeIgniter.php(499): CodeIgniter\CodeIgniter->runController(Object(App\Controllers\Home))
10 SYSTEMPATH\CodeIgniter.php(368): CodeIgniter\CodeIgniter->handleRequest(null, Object(Config\Cache), false)
11 FCPATH\index.php(67): CodeIgniter\CodeIgniter->run()
CRITICAL - 2023-05-30 13:09:10 --> Invalid file: "layout/content-wraper.php"
in SYSTEMPATH\Exceptions\FrameworkException.php on line 33.
 1 SYSTEMPATH\View\View.php(201): CodeIgniter\Exceptions\FrameworkException::forInvalidFile('layout/content-wraper.php')
 2 SYSTEMPATH\View\View.php(431): CodeIgniter\View\View->render('layout/content-wraper', null, true)
 3 APPPATH\Views\main.php(18): CodeIgniter\View\View->include('layout/content-wraper')
 4 SYSTEMPATH\View\View.php(213): include('D:\\xampp\\htdocs\\simkeu\\app\\Views\\main.php')
 5 SYSTEMPATH\View\View.php(216): CodeIgniter\View\View->CodeIgniter\View\{closure}()
 6 SYSTEMPATH\Common.php(1184): CodeIgniter\View\View->render('main', [], true)
 7 APPPATH\Controllers\Home.php(9): view('main')
 8 SYSTEMPATH\CodeIgniter.php(934): App\Controllers\Home->index()
 9 SYSTEMPATH\CodeIgniter.php(499): CodeIgniter\CodeIgniter->runController(Object(App\Controllers\Home))
10 SYSTEMPATH\CodeIgniter.php(368): CodeIgniter\CodeIgniter->handleRequest(null, Object(Config\Cache), false)
11 FCPATH\index.php(67): CodeIgniter\CodeIgniter->run()
CRITICAL - 2023-05-30 13:09:39 --> Invalid file: "layout/content-wraper.php"
in SYSTEMPATH\Exceptions\FrameworkException.php on line 33.
 1 SYSTEMPATH\View\View.php(201): CodeIgniter\Exceptions\FrameworkException::forInvalidFile('layout/content-wraper.php')
 2 SYSTEMPATH\View\View.php(431): CodeIgniter\View\View->render('layout/content-wraper', null, true)
 3 APPPATH\Views\main.php(18): CodeIgniter\View\View->include('layout/content-wraper')
 4 SYSTEMPATH\View\View.php(213): include('D:\\xampp\\htdocs\\simkeu\\app\\Views\\main.php')
 5 SYSTEMPATH\View\View.php(216): CodeIgniter\View\View->CodeIgniter\View\{closure}()
 6 SYSTEMPATH\Common.php(1184): CodeIgniter\View\View->render('main', [], true)
 7 APPPATH\Controllers\Home.php(9): view('main')
 8 SYSTEMPATH\CodeIgniter.php(934): App\Controllers\Home->index()
 9 SYSTEMPATH\CodeIgniter.php(499): CodeIgniter\CodeIgniter->runController(Object(App\Controllers\Home))
10 SYSTEMPATH\CodeIgniter.php(368): CodeIgniter\CodeIgniter->handleRequest(null, Object(Config\Cache), false)
11 FCPATH\index.php(67): CodeIgniter\CodeIgniter->run()
